c:\users\100706824\documents\githubkraken\khet-root289\khet2.0\gdw2 files\x64\debug\vc141.pdb
c:\users\100706824\documents\githubkraken\khet-root289\khet2.0\gdw2 files\x64\debug\vc141.idb
c:\users\100706824\documents\githubkraken\khet-root289\khet2.0\gdw2 files\x64\debug\button.obj
c:\users\100706824\documents\githubkraken\khet-root289\khet2.0\gdw2 files\x64\debug\pieces.obj
c:\users\100706824\documents\githubkraken\khet-root289\khet2.0\gdw2 files\x64\debug\movement.obj
c:\users\100706824\documents\githubkraken\khet-root289\khet2.0\gdw2 files\x64\debug\laser.obj
c:\users\100706824\documents\githubkraken\khet-root289\khet2.0\gdw2 files\x64\debug\inputmanager.obj
c:\users\100706824\documents\githubkraken\khet-root289\khet2.0\gdw2 files\x64\debug\consolemanager.obj
c:\users\100706824\documents\githubkraken\khet-root289\khet2.0\gdw2 files\x64\debug\main.obj
c:\users\100706824\documents\githubkraken\khet-root289\khet2.0\gdw2 files\x64\debug\logic.obj
c:\users\100706824\documents\githubkraken\khet-root289\khet2.0\x64\debug\game files.exe
c:\users\100706824\documents\githubkraken\khet-root289\khet2.0\x64\debug\game files.ilk
c:\users\100706824\documents\githubkraken\khet-root289\khet2.0\x64\debug\game files.pdb
c:\users\100704245\desktop\main\coding\repos\gdw2\khet-root289\khet2.0\gdw2 files\x64\debug\button.obj
c:\users\100704245\desktop\main\coding\repos\gdw2\khet-root289\khet2.0\gdw2 files\x64\debug\consolemanager.obj
c:\users\100704245\desktop\main\coding\repos\gdw2\khet-root289\khet2.0\gdw2 files\x64\debug\inputmanager.obj
c:\users\100704245\desktop\main\coding\repos\gdw2\khet-root289\khet2.0\gdw2 files\x64\debug\laser.obj
c:\users\100704245\desktop\main\coding\repos\gdw2\khet-root289\khet2.0\gdw2 files\x64\debug\logic.obj
c:\users\100704245\desktop\main\coding\repos\gdw2\khet-root289\khet2.0\gdw2 files\x64\debug\main.obj
c:\users\100704245\desktop\main\coding\repos\gdw2\khet-root289\khet2.0\gdw2 files\x64\debug\movement.obj
c:\users\100704245\desktop\main\coding\repos\gdw2\khet-root289\khet2.0\gdw2 files\x64\debug\pieces.obj
c:\users\100704245\desktop\main\coding\repos\gdw2\khet-root289\khet2.0\gdw2 files\x64\debug\vc141.idb
c:\users\100704245\desktop\main\coding\repos\gdw2\khet-root289\khet2.0\gdw2 files\x64\debug\vc141.pdb
c:\users\100704245\desktop\main\coding\repos\gdw2\khet-root289\khet2.0\x64\debug\game files.pdb
c:\users\100704245\desktop\main\coding\repos\gdw2\khet-root289\khet2.0\x64\debug\game files.exe
c:\users\100704245\desktop\main\coding\repos\gdw2\khet-root289\khet2.0\x64\debug\game files.ilk
c:\users\100704245\desktop\main\coding\repos\gdw2\khet-root289\khet2.0\gdw2 files\x64\debug\game files.tlog\cl.command.1.tlog
c:\users\100704245\desktop\main\coding\repos\gdw2\khet-root289\khet2.0\gdw2 files\x64\debug\game files.tlog\cl.read.1.tlog
c:\users\100704245\desktop\main\coding\repos\gdw2\khet-root289\khet2.0\gdw2 files\x64\debug\game files.tlog\cl.write.1.tlog
c:\users\100704245\desktop\main\coding\repos\gdw2\khet-root289\khet2.0\gdw2 files\x64\debug\game files.tlog\link.command.1.tlog
c:\users\100704245\desktop\main\coding\repos\gdw2\khet-root289\khet2.0\gdw2 files\x64\debug\game files.tlog\link.read.1.tlog
c:\users\100704245\desktop\main\coding\repos\gdw2\khet-root289\khet2.0\gdw2 files\x64\debug\game files.tlog\link.write.1.tlog
